<?xml version="1.0" encoding="UTF-8"?>
<!-- Generated by org.testng.reporters.JUnitReportReporter -->
<testsuite hostname="NikJaan14" failures="0" tests="1" name="com.POM_Test_Cases.DWS_News_Letter_Signup" time="0.295" errors="0" timestamp="2023-06-19T11:41:09 IST" skipped="0">
  <testcase classname="com.POM_Test_Cases.DWS_News_Letter_Signup" name="subscribeTONewsLetter" time="0.295"/>
  <system-out/>
</testsuite> <!-- com.POM_Test_Cases.DWS_News_Letter_Signup -->
