<?xml version="1.0" encoding="UTF-8"?>
<!-- Generated by org.testng.reporters.JUnitReportReporter -->
<testsuite hostname="Nikhil" failures="0" tests="1" name="com.testScript.Login_Test_CaseTest" time="8.716" errors="0" timestamp="2023-06-24T09:51:31 IST" skipped="0">
  <testcase classname="com.testScript.Login_Test_CaseTest" name="loginToDWS" time="8.716"/>
  <system-out/>
</testsuite> <!-- com.testScript.Login_Test_CaseTest -->
