<?xml version="1.0" encoding="UTF-8"?>
<!-- Generated by org.testng.reporters.JUnitReportReporter -->
<testsuite hostname="NikJaan14" failures="0" tests="1" name="com.POM_Test_Cases.DWS_Register" time="2.545" errors="0" timestamp="2023-06-19T11:23:43 IST" skipped="0">
  <testcase classname="com.POM_Test_Cases.DWS_Register" name="registerToDWS" time="2.545"/>
  <system-out/>
</testsuite> <!-- com.POM_Test_Cases.DWS_Register -->
