<?xml version="1.0" encoding="UTF-8"?>
<!-- Generated by org.testng.reporters.JUnitReportReporter -->
<testsuite hostname="Nikhil" failures="0" tests="1" name="com.POM_Test_Cases.DWS_Login" time="1.904" errors="0" timestamp="2023-06-21T11:26:54 IST" skipped="0">
  <testcase classname="com.POM_Test_Cases.DWS_Login" name="loginToDWS" time="1.904"/>
  <system-out/>
</testsuite> <!-- com.POM_Test_Cases.DWS_Login -->
