<?xml version="1.0" encoding="UTF-8"?>
<!-- Generated by org.testng.reporters.JUnitReportReporter -->
<testsuite hostname="NikJaan14" failures="0" tests="1" name="com.POM_Test_Cases.DWS_Add_Product_To_Cart_From_Wishlist" time="15.862" errors="0" timestamp="2023-06-19T15:58:17 IST" skipped="0">
  <testcase classname="com.POM_Test_Cases.DWS_Add_Product_To_Cart_From_Wishlist" name="addProductToCartFromWishlist" time="15.862"/>
  <system-out/>
</testsuite> <!-- com.POM_Test_Cases.DWS_Add_Product_To_Cart_From_Wishlist -->
