<?xml version="1.0" encoding="UTF-8"?>
<!-- Generated by org.testng.reporters.JUnitReportReporter -->
<testsuite hostname="NikJaan14" failures="0" tests="1" name="com.POM_Test_Cases.DWS_Remove_Product_From_Shopping_Cart" time="13.903" errors="0" timestamp="2023-06-19T15:08:39 IST" skipped="0">
  <testcase classname="com.POM_Test_Cases.DWS_Remove_Product_From_Shopping_Cart" name="removeProductFromShoppingCart" time="13.903"/>
  <system-out/>
</testsuite> <!-- com.POM_Test_Cases.DWS_Remove_Product_From_Shopping_Cart -->
