<?xml version="1.0" encoding="UTF-8"?>
<!-- Generated by org.testng.reporters.JUnitReportReporter -->
<testsuite hostname="NikJaan14" failures="0" tests="1" name="com.testScript.Register_Test_Case" time="13.407" errors="0" timestamp="2023-06-14T12:49:35 IST" skipped="0">
  <testcase classname="com.testScript.Register_Test_Case" name="registerToDWS" time="13.407"/>
  <system-out/>
</testsuite> <!-- com.testScript.Register_Test_Case -->
