<?xml version="1.0" encoding="UTF-8"?>
<!-- Generated by org.testng.reporters.JUnitReportReporter -->
<testsuite hostname="NikJaan14" failures="0" tests="1" name="com.POM_Test_Cases.Search_A_Product" time="1.137" errors="0" timestamp="2023-06-19T16:26:27 IST" skipped="0">
  <testcase classname="com.POM_Test_Cases.Search_A_Product" name="searchAProduct" time="1.137"/>
  <system-out/>
</testsuite> <!-- com.POM_Test_Cases.Search_A_Product -->
