<?xml version="1.0" encoding="UTF-8"?>
<!-- Generated by org.testng.reporters.JUnitReportReporter -->
<testsuite hostname="Nikhil" failures="0" tests="1" name="com.testScript.Learning_Extent_Report" time="12.322" errors="0" timestamp="2023-06-23T15:23:12 IST" skipped="0">
  <testcase classname="com.testScript.Learning_Extent_Report" name="loginToDWS" time="12.322"/>
  <system-out/>
</testsuite> <!-- com.testScript.Learning_Extent_Report -->
