<?xml version="1.0" encoding="UTF-8"?>
<!-- Generated by org.testng.reporters.JUnitReportReporter -->
<testsuite hostname="Nikhil" failures="0" tests="2" name="com.testScript.Working_With_Cross_Browser_Testing" time="3.717" errors="0" timestamp="2023-06-30T10:29:21 IST" skipped="0">
  <testcase classname="com.testScript.Working_With_Cross_Browser_Testing" name="loginTest" time="1.912"/>
  <system-out/>
  <testcase classname="com.testScript.Working_With_Cross_Browser_Testing" name="loginTest" time="1.805"/>
  <system-out/>
</testsuite> <!-- com.testScript.Working_With_Cross_Browser_Testing -->
