<?xml version="1.0" encoding="UTF-8"?>
<!-- Generated by org.testng.reporters.JUnitReportReporter -->
<testsuite hostname="Nikhil" failures="0" tests="1" name="com.testScript.Purchase_A_Product_Test_CaseTest" time="52.446" errors="0" timestamp="2023-06-30T15:51:17 IST" skipped="0">
  <testcase classname="com.testScript.Purchase_A_Product_Test_CaseTest" name="purchasingProductDWS" time="52.446"/>
  <system-out/>
</testsuite> <!-- com.testScript.Purchase_A_Product_Test_CaseTest -->
