<?xml version="1.0" encoding="UTF-8"?>
<!-- Generated by org.testng.reporters.JUnitReportReporter -->
<testsuite hostname="NikJaan14" failures="0" tests="1" name="com.testScript.Purchase_A_Product_Test_Case" time="33.300" errors="0" timestamp="2023-06-15T09:59:10 IST" skipped="0">
  <testcase classname="com.testScript.Purchase_A_Product_Test_Case" name="purchasingProductDWS" time="33.300"/>
  <system-out/>
</testsuite> <!-- com.testScript.Purchase_A_Product_Test_Case -->
