<?xml version="1.0" encoding="UTF-8"?>
<!-- Generated by org.testng.reporters.JUnitReportReporter -->
<testsuite hostname="NikJaan14" failures="0" tests="1" name="com.POM_Test_Cases.DWS_Order_Product" time="19.116" errors="0" timestamp="2023-06-19T14:57:51 IST" skipped="0">
  <testcase classname="com.POM_Test_Cases.DWS_Order_Product" name="orderAProduct" time="19.116"/>
  <system-out/>
</testsuite> <!-- com.POM_Test_Cases.DWS_Order_Product -->
