<?xml version="1.0" encoding="UTF-8"?>
<!-- Generated by org.testng.reporters.JUnitReportReporter -->
<testsuite hostname="NikJaan14" failures="0" tests="1" name="com.POM_Test_Cases.DWS_Add_Product_To_Wishlist" time="10.445" errors="0" timestamp="2023-06-19T15:57:30 IST" skipped="0">
  <testcase classname="com.POM_Test_Cases.DWS_Add_Product_To_Wishlist" name="addProductToWishlist" time="10.445"/>
  <system-out/>
</testsuite> <!-- com.POM_Test_Cases.DWS_Add_Product_To_Wishlist -->
