<?xml version="1.0" encoding="UTF-8"?>
<!-- Generated by org.testng.reporters.JUnitReportReporter -->
<testsuite hostname="NikJaan14" failures="0" tests="1" name="com.POM_Test_Cases.DWS_Logout" time="3.388" errors="0" timestamp="2023-06-19T16:31:10 IST" skipped="0">
  <testcase classname="com.POM_Test_Cases.DWS_Logout" name="logout" time="3.388"/>
  <system-out/>
</testsuite> <!-- com.POM_Test_Cases.DWS_Logout -->
