<?xml version="1.0" encoding="UTF-8"?>
<!-- Generated by org.testng.reporters.JUnitReportReporter -->
<testsuite hostname="NikJaan14" failures="0" tests="1" name="com.testScript.Login_Test_Case" time="8.454" errors="0" timestamp="2023-06-14T12:23:40 IST" skipped="0">
  <testcase classname="com.testScript.Login_Test_Case" name="loginToDWS" time="8.454"/>
  <system-out/>
</testsuite> <!-- com.testScript.Login_Test_Case -->
